[29068:34352:0127/161717.366:WARNING:chrome_main_delegate.cc(745)] This is Chrome version 128.0.6613.138 (not a warning)
[29068:16292:0127/161717.426:ERROR:google_update_settings.cc(265)] Failed opening key Software\Chromium to set usagestats; result: 5
[29068:34352:0127/161717.458:WARNING:account_consistency_mode_manager.cc(77)] Desktop Identity Consistency cannot be enabled as no OAuth client ID and client secret have been configured.
[22872:23596:0127/161723.524:WARNING:frame_impl.cc(430)] virtual CefFrameImpl::SendProcessMessage sent to detached frame 5-E5EE52A42E0CC9C93B8FF10CE6A54C83 will be ignored
[16780:33152:0127/161748.099:WARNING:frame_impl.cc(430)] virtual CefFrameImpl::SendProcessMessage sent to detached frame 8-9C3996475850FE0FBA2398766B2EFE4B will be ignored
[20232:14424:0127/162854.730:WARNING:angle_platform_impl.cc(49)] HLSLCompiler.cpp:250 (rx::HLSLCompiler::compileToBinary): 
C:\fakepath(103,1-6): warning X4000: use of potentially uninitialized variable (dyn_index_vec4_float4_int)

[20232:14424:0127/162854.951:WARNING:angle_platform_impl.cc(49)] HLSLCompiler.cpp:250 (rx::HLSLCompiler::compileToBinary): 
C:\fakepath(136,1): warning X4000: use of potentially uninitialized variable (f_i_int_int_int2)
C:\fakepath(138,1): warning X4000: use of potentially uninitialized variable (f_i_int_int_int2)
C:\fakepath(174,1): warning X4000: use of potentially uninitialized variable (f_u_int_int_int)

[20232:14424:0127/162855.500:WARNING:angle_platform_impl.cc(49)] HLSLCompiler.cpp:250 (rx::HLSLCompiler::compileToBinary): 
C:\fakepath(166,1): warning X4000: use of potentially uninitialized variable (f_renderMipMapLevel_int)

[20232:17648:0127/162856.101:ERROR:gl_utils.cc(415)] [.WebGL-000052B805199B00] GL_INVALID_OPERATION: Two textures of different types use the same sampler location.
[20232:17648:0127/162856.101:ERROR:gl_utils.cc(415)] [.WebGL-000052B805199B00] GL_INVALID_OPERATION: Two textures of different types use the same sampler location.
[20232:17648:0127/162856.101:ERROR:gl_utils.cc(415)] [.WebGL-000052B805199B00] GL_INVALID_OPERATION: Two textures of different types use the same sampler location.
[20232:17648:0127/162856.101:ERROR:gl_utils.cc(415)] [.WebGL-000052B805199B00] GL_INVALID_OPERATION: Two textures of different types use the same sampler location.
[20232:17648:0127/162856.101:ERROR:gl_utils.cc(415)] [.WebGL-000052B805199B00] GL_INVALID_OPERATION: Two textures of different types use the same sampler location.
[20232:17648:0127/162856.102:ERROR:gl_utils.cc(415)] [.WebGL-000052B805199B00] GL_INVALID_OPERATION: Two textures of different types use the same sampler location.
[20232:17648:0127/162856.102:ERROR:gl_utils.cc(415)] [.WebGL-000052B805199B00] GL_INVALID_OPERATION: Two textures of different types use the same sampler location.
[20232:17648:0127/162856.102:ERROR:gl_utils.cc(415)] [.WebGL-000052B805199B00] GL_INVALID_OPERATION: Two textures of different types use the same sampler location.
[20232:17648:0127/162856.136:ERROR:gl_utils.cc(415)] [.WebGL-000052B805199B00] GL_INVALID_OPERATION: Two textures of different types use the same sampler location.
[20232:17648:0127/162856.136:ERROR:gl_utils.cc(415)] [.WebGL-000052B805199B00] GL_INVALID_OPERATION: Two textures of different types use the same sampler location.
[20232:17648:0127/162856.137:ERROR:gl_utils.cc(415)] [.WebGL-000052B805199B00] GL_INVALID_OPERATION: Two textures of different types use the same sampler location.
[20232:17648:0127/162856.137:ERROR:gl_utils.cc(415)] [.WebGL-000052B805199B00] GL_INVALID_OPERATION: Two textures of different types use the same sampler location.
[20232:17648:0127/162856.137:ERROR:gl_utils.cc(415)] [.WebGL-000052B805199B00] GL_INVALID_OPERATION: Two textures of different types use the same sampler location.
[20232:17648:0127/162856.137:ERROR:gl_utils.cc(415)] [.WebGL-000052B805199B00] GL_INVALID_OPERATION: Two textures of different types use the same sampler location.
[20232:17648:0127/162856.137:ERROR:gl_utils.cc(415)] [.WebGL-000052B805199B00] GL_INVALID_OPERATION: Two textures of different types use the same sampler location.
[20232:17648:0127/162856.137:ERROR:gl_utils.cc(415)] [.WebGL-000052B805199B00] GL_INVALID_OPERATION: Two textures of different types use the same sampler location.
[20232:26928:0127/162900.455:WARNING:angle_platform_impl.cc(49)] HLSLCompiler.cpp:250 (rx::HLSLCompiler::compileToBinary): 
C:\fakepath(129,1-6): warning X4000: use of potentially uninitialized variable (dyn_index_mat4x4_int)
C:\fakepath(107,1-6): warning X4000: use of potentially uninitialized variable (dyn_index_vec4_float4_int)

[20232:32736:0127/162900.600:WARNING:angle_platform_impl.cc(49)] HLSLCompiler.cpp:250 (rx::HLSLCompiler::compileToBinary): 
C:\fakepath(93,1-6): warning X4000: use of potentially uninitialized variable (dyn_index_mat4x4_int)
C:\fakepath(71,1-6): warning X4000: use of potentially uninitialized variable (dyn_index_vec4_float4_int)

[20232:2664:0127/162900.688:WARNING:angle_platform_impl.cc(49)] HLSLCompiler.cpp:250 (rx::HLSLCompiler::compileToBinary): 
C:\fakepath(719,1-6): warning X4000: use of potentially uninitialized variable (dyn_index_mat4x4_int)
C:\fakepath(697,1-6): warning X4000: use of potentially uninitialized variable (dyn_index_vec4_float4_int)
C:\fakepath(719,1-6): warning X4000: use of potentially uninitialized variable (dyn_index_mat4x4_int)
C:\fakepath(697,1-6): warning X4000: use of potentially uninitialized variable (dyn_index_vec4_float4_int)
C:\fakepath(719,1-6): warning X4000: use of potentially uninitialized variable (dyn_index_mat4x4_int)
C:\fakepath(697,1-6): warning X4000: use of potentially uninitialized variable (dyn_index_vec4_float4_int)

[20232:31064:0127/162900.693:WARNING:angle_platform_impl.cc(49)] HLSLCompiler.cpp:250 (rx::HLSLCompiler::compileToBinary): 
C:\fakepath(717,1-6): warning X4000: use of potentially uninitialized variable (dyn_index_mat4x4_int)
C:\fakepath(695,1-6): warning X4000: use of potentially uninitialized variable (dyn_index_vec4_float4_int)
C:\fakepath(717,1-6): warning X4000: use of potentially uninitialized variable (dyn_index_mat4x4_int)
C:\fakepath(695,1-6): warning X4000: use of potentially uninitialized variable (dyn_index_vec4_float4_int)
C:\fakepath(717,1-6): warning X4000: use of potentially uninitialized variable (dyn_index_mat4x4_int)
C:\fakepath(695,1-6): warning X4000: use of potentially uninitialized variable (dyn_index_vec4_float4_int)

[20232:14424:0127/162900.721:WARNING:angle_platform_impl.cc(49)] HLSLCompiler.cpp:250 (rx::HLSLCompiler::compileToBinary): 
C:\fakepath(721,1-6): warning X4000: use of potentially uninitialized variable (dyn_index_mat4x4_int)
C:\fakepath(699,1-6): warning X4000: use of potentially uninitialized variable (dyn_index_vec4_float4_int)
C:\fakepath(721,1-6): warning X4000: use of potentially uninitialized variable (dyn_index_mat4x4_int)
C:\fakepath(699,1-6): warning X4000: use of potentially uninitialized variable (dyn_index_vec4_float4_int)
C:\fakepath(721,1-6): warning X4000: use of potentially uninitialized variable (dyn_index_mat4x4_int)
C:\fakepath(699,1-6): warning X4000: use of potentially uninitialized variable (dyn_index_vec4_float4_int)

[20232:34964:0127/162900.776:WARNING:angle_platform_impl.cc(49)] HLSLCompiler.cpp:250 (rx::HLSLCompiler::compileToBinary): 
C:\fakepath(724,1-6): warning X4000: use of potentially uninitialized variable (dyn_index_mat4x4_int)
C:\fakepath(702,1-6): warning X4000: use of potentially uninitialized variable (dyn_index_vec4_float4_int)
C:\fakepath(724,1-6): warning X4000: use of potentially uninitialized variable (dyn_index_mat4x4_int)
C:\fakepath(702,1-6): warning X4000: use of potentially uninitialized variable (dyn_index_vec4_float4_int)
C:\fakepath(724,1-6): warning X4000: use of potentially uninitialized variable (dyn_index_mat4x4_int)
C:\fakepath(702,1-6): warning X4000: use of potentially uninitialized variable (dyn_index_vec4_float4_int)
C:\fakepath(724,1-6): warning X4000: use of potentially uninitialized variable (dyn_index_mat4x4_int)
C:\fakepath(702,1-6): warning X4000: use of potentially uninitialized variable (dyn_index_vec4_float4_int)

[20232:24952:0127/162900.777:WARNING:angle_platform_impl.cc(49)] HLSLCompiler.cpp:250 (rx::HLSLCompiler::compileToBinary): 
C:\fakepath(128,1-6): warning X4000: use of potentially uninitialized variable (dyn_index_mat4x4_int)
C:\fakepath(106,1-6): warning X4000: use of potentially uninitialized variable (dyn_index_vec4_float4_int)
C:\fakepath(128,1-6): warning X4000: use of potentially uninitialized variable (dyn_index_mat4x4_int)
C:\fakepath(106,1-6): warning X4000: use of potentially uninitialized variable (dyn_index_vec4_float4_int)
C:\fakepath(128,1-6): warning X4000: use of potentially uninitialized variable (dyn_index_mat4x4_int)
C:\fakepath(106,1-6): warning X4000: use of potentially uninitialized variable (dyn_index_vec4_float4_int)

[20232:36412:0127/162900.833:WARNING:angle_platform_impl.cc(49)] HLSLCompiler.cpp:250 (rx::HLSLCompiler::compileToBinary): 
C:\fakepath(718,1-6): warning X4000: use of potentially uninitialized variable (dyn_index_mat4x4_int)
C:\fakepath(696,1-6): warning X4000: use of potentially uninitialized variable (dyn_index_vec4_float4_int)
C:\fakepath(718,1-6): warning X4000: use of potentially uninitialized variable (dyn_index_mat4x4_int)
C:\fakepath(696,1-6): warning X4000: use of potentially uninitialized variable (dyn_index_vec4_float4_int)
C:\fakepath(718,1-6): warning X4000: use of potentially uninitialized variable (dyn_index_mat4x4_int)
C:\fakepath(696,1-6): warning X4000: use of potentially uninitialized variable (dyn_index_vec4_float4_int)

[20232:32736:0127/162901.058:WARNING:angle_platform_impl.cc(49)] HLSLCompiler.cpp:250 (rx::HLSLCompiler::compileToBinary): 
C:\fakepath(187,1-6): warning X4000: use of potentially uninitialized variable (dyn_index_mat4x4_int)
C:\fakepath(165,1-6): warning X4000: use of potentially uninitialized variable (dyn_index_vec4_float4_int)
C:\fakepath(187,1-6): warning X4000: use of potentially uninitialized variable (dyn_index_mat4x4_int)
C:\fakepath(165,1-6): warning X4000: use of potentially uninitialized variable (dyn_index_vec4_float4_int)

[20232:17648:0127/162901.301:WARNING:angle_platform_impl.cc(49)] HLSLCompiler.cpp:250 (rx::HLSLCompiler::compileToBinary): 
C:\fakepath(719,1-6): warning X4000: use of potentially uninitialized variable (dyn_index_mat4x4_int)
C:\fakepath(697,1-6): warning X4000: use of potentially uninitialized variable (dyn_index_vec4_float4_int)
C:\fakepath(719,1-6): warning X4000: use of potentially uninitialized variable (dyn_index_mat4x4_int)
C:\fakepath(697,1-6): warning X4000: use of potentially uninitialized variable (dyn_index_vec4_float4_int)
C:\fakepath(719,1-6): warning X4000: use of potentially uninitialized variable (dyn_index_mat4x4_int)
C:\fakepath(697,1-6): warning X4000: use of potentially uninitialized variable (dyn_index_vec4_float4_int)

[20232:17648:0127/162901.464:WARNING:angle_platform_impl.cc(49)] HLSLCompiler.cpp:250 (rx::HLSLCompiler::compileToBinary): 
C:\fakepath(717,1-6): warning X4000: use of potentially uninitialized variable (dyn_index_mat4x4_int)
C:\fakepath(695,1-6): warning X4000: use of potentially uninitialized variable (dyn_index_vec4_float4_int)
C:\fakepath(717,1-6): warning X4000: use of potentially uninitialized variable (dyn_index_mat4x4_int)
C:\fakepath(695,1-6): warning X4000: use of potentially uninitialized variable (dyn_index_vec4_float4_int)
C:\fakepath(717,1-6): warning X4000: use of potentially uninitialized variable (dyn_index_mat4x4_int)
C:\fakepath(695,1-6): warning X4000: use of potentially uninitialized variable (dyn_index_vec4_float4_int)

[20232:17648:0127/162901.657:WARNING:angle_platform_impl.cc(49)] HLSLCompiler.cpp:250 (rx::HLSLCompiler::compileToBinary): 
C:\fakepath(721,1-6): warning X4000: use of potentially uninitialized variable (dyn_index_mat4x4_int)
C:\fakepath(699,1-6): warning X4000: use of potentially uninitialized variable (dyn_index_vec4_float4_int)
C:\fakepath(721,1-6): warning X4000: use of potentially uninitialized variable (dyn_index_mat4x4_int)
C:\fakepath(699,1-6): warning X4000: use of potentially uninitialized variable (dyn_index_vec4_float4_int)
C:\fakepath(721,1-6): warning X4000: use of potentially uninitialized variable (dyn_index_mat4x4_int)
C:\fakepath(699,1-6): warning X4000: use of potentially uninitialized variable (dyn_index_vec4_float4_int)

[20232:17648:0127/162901.865:WARNING:angle_platform_impl.cc(49)] HLSLCompiler.cpp:250 (rx::HLSLCompiler::compileToBinary): 
C:\fakepath(718,1-6): warning X4000: use of potentially uninitialized variable (dyn_index_mat4x4_int)
C:\fakepath(696,1-6): warning X4000: use of potentially uninitialized variable (dyn_index_vec4_float4_int)
C:\fakepath(718,1-6): warning X4000: use of potentially uninitialized variable (dyn_index_mat4x4_int)
C:\fakepath(696,1-6): warning X4000: use of potentially uninitialized variable (dyn_index_vec4_float4_int)
C:\fakepath(718,1-6): warning X4000: use of potentially uninitialized variable (dyn_index_mat4x4_int)
C:\fakepath(696,1-6): warning X4000: use of potentially uninitialized variable (dyn_index_vec4_float4_int)

[20232:17648:0127/162902.089:WARNING:angle_platform_impl.cc(49)] HLSLCompiler.cpp:250 (rx::HLSLCompiler::compileToBinary): 
C:\fakepath(724,1-6): warning X4000: use of potentially uninitialized variable (dyn_index_mat4x4_int)
C:\fakepath(702,1-6): warning X4000: use of potentially uninitialized variable (dyn_index_vec4_float4_int)
C:\fakepath(724,1-6): warning X4000: use of potentially uninitialized variable (dyn_index_mat4x4_int)
C:\fakepath(702,1-6): warning X4000: use of potentially uninitialized variable (dyn_index_vec4_float4_int)
C:\fakepath(724,1-6): warning X4000: use of potentially uninitialized variable (dyn_index_mat4x4_int)
C:\fakepath(702,1-6): warning X4000: use of potentially uninitialized variable (dyn_index_vec4_float4_int)
C:\fakepath(724,1-6): warning X4000: use of potentially uninitialized variable (dyn_index_mat4x4_int)
C:\fakepath(702,1-6): warning X4000: use of potentially uninitialized variable (dyn_index_vec4_float4_int)

[29068:34352:0127/163507.273:WARNING:pref_notifier_impl.cc(41)] Pref observer for media_router.cast_allow_all_ips found at shutdown.
